TEST 1 WITH 5s duration and pading with 0s
[cache_all] Spectrogram caching DONE
Epoch 01 | train acc 0.500 | val acc 0.647
Epoch 02 | train acc 0.562 | val acc 0.471
Epoch 03 | train acc 0.453 | val acc 0.647
Epoch 04 | train acc 0.562 | val acc 0.647
Epoch 05 | train acc 0.562 | val acc 0.647
Epoch 06 | train acc 0.562 | val acc 0.647
Epoch 07 | train acc 0.469 | val acc 0.647
Epoch 08 | train acc 0.516 | val acc 0.647
Epoch 09 | train acc 0.547 | val acc 0.647
Epoch 10 | train acc 0.484 | val acc 0.471
TEST 2 WITH 5s duration and pading with 0s
[cache_all] Spectrogram caching DONE
Epoch 01 | train acc 0.516 | val acc 0.647
Epoch 02 | train acc 0.562 | val acc 0.471
Epoch 03 | train acc 0.500 | val acc 0.471
Epoch 04 | train acc 0.547 | val acc 0.647
Epoch 05 | train acc 0.562 | val acc 0.647
Epoch 06 | train acc 0.547 | val acc 0.647
Epoch 07 | train acc 0.562 | val acc 0.647
Epoch 08 | train acc 0.453 | val acc 0.471
Epoch 09 | train acc 0.438 | val acc 0.647
Epoch 10 | train acc 0.406 | val acc 0.471
TEST 3 WITH 10s duration and pading with 0s
[cache_all] Spectrogram caching DONE
Epoch 01 | train acc 0.375 | val acc 0.471
Epoch 02 | train acc 0.500 | val acc 0.529
Epoch 03 | train acc 0.516 | val acc 0.529
Epoch 04 | train acc 0.516 | val acc 0.471
Epoch 05 | train acc 0.484 | val acc 0.471
Epoch 06 | train acc 0.406 | val acc 0.529
Epoch 07 | train acc 0.484 | val acc 0.471
Epoch 08 | train acc 0.438 | val acc 0.529
Epoch 09 | train acc 0.422 | val acc 0.471
Epoch 10 | train acc 0.438 | val acc 0.529
EXECUTION TIME: 2025-05-04 11:38:55
TEST 4 WITH 10s duration and pading with 0s
[cache_all] Spectrogram caching DONE
Epoch 01 | train acc 0.531 | val acc 0.471
Epoch 02 | train acc 0.500 | val acc 0.471
Epoch 03 | train acc 0.453 | val acc 0.529
Epoch 04 | train acc 0.484 | val acc 0.471
Epoch 05 | train acc 0.500 | val acc 0.471
Epoch 06 | train acc 0.484 | val acc 0.529
Epoch 07 | train acc 0.406 | val acc 0.471
Epoch 08 | train acc 0.375 | val acc 0.529
Epoch 09 | train acc 0.406 | val acc 0.471
Epoch 10 | train acc 0.484 | val acc 0.529
EXECUTION TIME: 2025-05-04 12:02:30
TEST 5 WITH 10s duration and pading with -80db
[cache_all] Spectrogram caching DONE
Epoch 01 | train acc 0.578 | val acc 0.529
Epoch 02 | train acc 0.469 | val acc 0.471
Epoch 03 | train acc 0.500 | val acc 0.529
Epoch 04 | train acc 0.484 | val acc 0.471
Epoch 05 | train acc 0.500 | val acc 0.529
Epoch 06 | train acc 0.500 | val acc 0.529
Epoch 07 | train acc 0.469 | val acc 0.471
Epoch 08 | train acc 0.469 | val acc 0.588
Epoch 09 | train acc 0.547 | val acc 0.529
Epoch 10 | train acc 0.547 | val acc 0.471
EXECUTION TIME: 2025-05-04 12:12:30
TEST 6 WITH 10s duration and pading with -80db
[cache_all] Spectrogram caching DONE
Epoch 01 | train acc 0.516 | val acc 0.529
Epoch 02 | train acc 0.344 | val acc 0.588
Epoch 03 | train acc 0.359 | val acc 0.471
Epoch 04 | train acc 0.516 | val acc 0.471
Epoch 05 | train acc 0.562 | val acc 0.529
Epoch 06 | train acc 0.516 | val acc 0.471
Epoch 07 | train acc 0.516 | val acc 0.471
Epoch 08 | train acc 0.516 | val acc 0.529
Epoch 09 | train acc 0.438 | val acc 0.471
Epoch 10 | train acc 0.500 | val acc 0.529
Epoch 11 | train acc 0.484 | val acc 0.529
Epoch 12 | train acc 0.516 | val acc 0.529
Epoch 13 | train acc 0.562 | val acc 0.471
Epoch 14 | train acc 0.547 | val acc 0.412
Epoch 15 | train acc 0.516 | val acc 0.647
Epoch 16 | train acc 0.453 | val acc 0.529
Epoch 17 | train acc 0.438 | val acc 0.529
Epoch 18 | train acc 0.438 | val acc 0.529
Epoch 19 | train acc 0.516 | val acc 0.471
Epoch 20 | train acc 0.578 | val acc 0.529
Epoch 21 | train acc 0.500 | val acc 0.529
Epoch 22 | train acc 0.469 | val acc 0.471
Epoch 23 | train acc 0.500 | val acc 0.471
Epoch 24 | train acc 0.438 | val acc 0.529
Epoch 25 | train acc 0.453 | val acc 0.471
Epoch 26 | train acc 0.516 | val acc 0.529
Epoch 27 | train acc 0.438 | val acc 0.529
Epoch 28 | train acc 0.516 | val acc 0.529
Epoch 29 | train acc 0.422 | val acc 0.471
Epoch 30 | train acc 0.516 | val acc 0.471
Epoch 31 | train acc 0.438 | val acc 0.471
Epoch 32 | train acc 0.500 | val acc 0.529
Epoch 33 | train acc 0.484 | val acc 0.471
Epoch 34 | train acc 0.422 | val acc 0.471
Epoch 35 | train acc 0.453 | val acc 0.529
Epoch 36 | train acc 0.469 | val acc 0.471
Epoch 37 | train acc 0.359 | val acc 0.471
Epoch 38 | train acc 0.453 | val acc 0.529
Epoch 39 | train acc 0.562 | val acc 0.471
Epoch 40 | train acc 0.453 | val acc 0.471
Epoch 41 | train acc 0.406 | val acc 0.529
Epoch 42 | train acc 0.422 | val acc 0.471
Epoch 43 | train acc 0.562 | val acc 0.471
Epoch 44 | train acc 0.531 | val acc 0.471
Epoch 45 | train acc 0.453 | val acc 0.529
Epoch 46 | train acc 0.531 | val acc 0.529
Epoch 47 | train acc 0.406 | val acc 0.529
Epoch 48 | train acc 0.594 | val acc 0.471
Epoch 49 | train acc 0.531 | val acc 0.471
Epoch 50 | train acc 0.578 | val acc 0.529
EXECUTION TIME: 2025-05-04 12:23:17
TEST 7 WITH FMAX = 4000
[cache_all] Spectrogram caching DONE
Epoch 01 | train acc 0.484 | val acc 0.529 | train loss 0.728 | val loss 0.692
Epoch 02 | train acc 0.484 | val acc 0.471 | train loss 0.765 | val loss 0.735
Epoch 03 | train acc 0.469 | val acc 0.471 | train loss 0.758 | val loss 0.699
Epoch 04 | train acc 0.469 | val acc 0.529 | train loss 0.702 | val loss 0.690
Epoch 05 | train acc 0.484 | val acc 0.529 | train loss 0.704 | val loss 0.689
Epoch 06 | train acc 0.516 | val acc 0.471 | train loss 0.697 | val loss 0.710
Epoch 07 | train acc 0.469 | val acc 0.471 | train loss 0.712 | val loss 0.693
Epoch 08 | train acc 0.500 | val acc 0.529 | train loss 0.700 | val loss 0.691
Epoch 09 | train acc 0.391 | val acc 0.529 | train loss 0.717 | val loss 0.686
Epoch 10 | train acc 0.578 | val acc 0.471 | train loss 0.685 | val loss 0.696
[INFO] Finished


